assiduous
assiduous
assiduous
assiduous
assiduous
assiduous
assiduous
assiduous
assiduous
assiduous
banal
banal
banal
banal
banal
banal
banal
banal
banal
banal
persecute
persecute
persecute
persecute
persecute
persecute
persecute
persecute
persecute
persecute
prosecute
prosecute
prosecute
prosecute
prosecute
prosecute
prosecute
prosecute
prosecute
prosecute
modulate
modulate
modulate
modulate
modulate
modulate
modulate
modulate
modulate
modulate
sensuous
sensuous
sensuous
sensuous
sensuous
sensuous
sensuous
sensuous
sensuous
sensuous
vindictive
vindictive
vindictive
vindictive
vindictive
vindictive
vindictive
vindictive
vindictive
vindictive
forebear
forebear
forebear
forebear
forebear
forebear
forebear
forebear
forebear
forebear
transient
transient
transient
transient
transient
transient
transient
transient
transient
transient
grandeur
grandeur
grandeur
grandeur
grandeur
grandeur
grandeur
grandeur
grandeur
grandeur
amputate
amputate
amputate
amputate
amputate
amputate
amputate
amputate
amputate
amputate
malice
malice
malice
malice
malice
malice
malice
malice
malice
malice
breach
breach
breach
breach
breach
breach
breach
breach
breach
breach
incur
incur
incur
incur
incur
incur
incur
incur
incur
incur
austere
austere
austere
austere
austere
austere
austere
austere
austere
austere
rumple
rumple
rumple
rumple
rumple
rumple
rumple
rumple
rumple
rumple
cater
cater
cater
cater
cater
cater
cater
cater
cater
cater
bequeath
bequeath
bequeath
bequeath
bequeath
bequeath
bequeath
bequeath
bequeath
bequeath
census
census
census
census
census
census
census
census
census
census
invoke
invoke
invoke
invoke
invoke
invoke
invoke
invoke
invoke
invoke
loom
loom
loom
loom
loom
loom
loom
loom
loom
loom
straggle
straggle
straggle
straggle
straggle
straggle
straggle
straggle
straggle
straggle










