
Dursley(1):
found 53
locations:
30
290
457
648
745
994
1071
1180
1221
1320
1546
1749
1820
1995
2040
2221
2446
2747
2809
3015
3431
3742
3936
4122
4197
4609
5438
6198
6682
7137
7183
7796
7922
8070
8252
9410
9633
9899
10080
12887
13620
17382
18153
33835
33893
45073
55833
64431
64617
65022
68279
68370
69263

Grunnings(2):
found 2
locations:
332
4145

perfectly(3):
found 3
locations:
102
4633
30614

mysterious(4):
found 4
locations:
221
1681
8834
43220

and(5):
found 396
locations:
21
474
485
687
810
1137
1166
1537
1677
1811
2062
2148
2271
2565
2763
2841
3051
3625
3674
3859
4093
4496
4747
4856
5151
5704
5808
6442
6633
6860
7163
7362
7570
8188
8560
9129
9922
10134
10319
10385
10517
10867
10923
11028
11973
12025
12199
12235
12337
12461
12475
12491
12504
12607
12641
12666
12678
13009
13840
15861
15873
17059
17488
17680
17760
18019
18367
18475
19610
19681
19832
19860
20507
20773
20967
21295
21355
21407
21412
21417
21691
21736
22109
22423
22485
22682
22756
22825
23633
23820
23979
24785
24925
25161
25200
25305
25454
25873
26051
26220
26384
26664
26737
26809
26819
27940
28764
28790
28828
29218
29248
30371
30660
31140
31307
31680
31720
32108
32146
32301
32319
32362
32433
32468
32556
32582
33101
33153
33483
33523
33593
33772
34532
34655
34858
34990
35009
35193
35220
35411
35575
35591
35870
35920
36132
36565
36576
36912
37682
37701
37737
37817
38214
38282
38641
38840
38975
39166
40030
40216
40306
40410
40469
40652
40723
40945
40983
41547
41828
41872
41897
42131
42199
42704
42790
43014
43144
43532
43601
43715
44124
44266
44304
44440
44652
44742
44878
45470
45670
45696
45799
45842
45937
46035
46102
46138
46235
46372
46654
46886
47027
48091
48250
48417
48459
48686
49038
49572
49604
49958
50076
50090
50133
50581
51067
51320
51450
51844
52534
52655
53174
53369
53485
53557
53597
53685
54247
54425
54517
54592
54808
54949
55478
55499
55853
55891
55902
55910
55939
55957
56071
56128
56152
56182
56543
56574
56695
56885
56944
57302
57311
57368
57401
57529
57554
57603
57699
57775
57807
57942
58062
58113
58147
58167
58185
58229
58297
58510
58604
58814
58970
59147
59194
59357
59418
59448
59553
59598
59605
59769
59903
59993
60102
60144
60171
60211
60215
60273
60303
60334
60445
60493
60530
60554
60665
60707
60732
60779
60793
61021
61062
61117
61177
61244
61264
61379
61391
61404
61548
61570
61724
61786
61835
61902
62014
62118
62187
62432
62485
62490
62503
62587
63206
63472
63669
63778
63977
64447
64835
64891
65143
65712
66153
66358
66378
67129
67192
67244
67372
67914
67934
67977
68238
68447
68565
69046
69100
69251
69551
69609
70089
70132
70231
70417
70421
70467
70494
70559
70862
70947
71091
71173
71362
71566
71908
71964
72149
72448
72493
72527
72532
72542
72712
72842
72865
73085
73214
73296
73424
73807
73917
74066
74168
74692
74727
74912
74938
75045
75105
75248
75885
76227
76296
76428
76824
76854

any(6):
found 39
locations:
201
398
731
937
6234
8043
8906
15209
15496
15635
16049
22932
23011
23166
26648
26896
27494
27605
29464
30581
41787
46293
46451
47307
50944
53442
53960
53988
57549
63701
65214
65342
65418
65523
65814
66900
66937
67611
72188

back(7):
found 41
locations:
2275
2796
4177
4225
5217
5488
5589
5798
10918
12905
17445
18487
19132
19245
20762
20942
22555
28252
35628
35654
36620
38645
39203
42800
42986
46050
46142
46999
47062
48035
56654
60476
61552
62613
62637
62683
64419
65852
66726
67952
71591

broad(8):
found 1
locations:
4429

keeping(9):
found 1
locations:
1444

Potters(10):
found 6
locations:
964
1285
1343
1456
5332
9587

boy(11):
found 34
locations:
727
1412
6094
15302
17544
27007
40049
48055
48316
48478
48806
49512
49742
49810
49949
50255
50440
51125
51235
51807
68755
70758
71064
71328
71450
71622
71737
71903
74441
74557
74651
75865
76374
76708

their(12):
found 23
locations:
694
814
5407
8757
12913
15333
20657
26922
26982
30019
30228
31224
39732
40082
41244
42320
48626
62603
62895
73186
74084
74303
76654

these(13):
found 8
locations:
3658
3990
8639
17869
30708
41883
53501
62161

close(14):
found 9
locations:
3687
11032
15466
16947
33442
42475
57413
57793
73540

fact(15):
found 6
locations:
1060
27575
34477
48018
64330
65249

first(16):
found 18
locations:
2368
7545
10158
17101
27017
38208
39519
43732
46749
47233
48600
57295
66076
67010
71289
74206
74906
75674

happening(17):
found 1
locations:
1713

of(18):
found 261
locations:
39
315
523
579
1911
2286
2334
2379
2613
2699
2729
3071
3119
3151
3208
3240
3374
3655
3783
3905
4251
4556
4992
5297
5572
5629
5941
6007
6246
7174
7370
7478
7525
8623
8636
8923
9185
9245
9685
10155
10528
10638
11699
11989
12076
12266
12508
13400
13554
13770
15146
16148
16222
16468
16748
16986
17299
17786
18015
18226
18254
18505
18613
19152
19261
19662
20654
21378
21651
21677
21794
22362
23954
24817
24843
24920
25233
25402
25600
25733
25770
25799
25880
26161
26248
26425
27289
28037
28487
28751
28778
29080
29149
29614
29991
31502
31574
31632
31706
31789
31875
32076
32084
32120
32169
33636
33684
33915
34731
34746
34907
35860
36153
36347
36694
36728
36777
36806
36873
36995
37020
37099
37435
37919
38191
38373
38397
38708
38990
39259
39921
40054
40174
40395
40445
40479
40516
40712
41060
41173
41500
41814
41880
42206
42250
42348
42570
43053
43074
43724
43771
44092
44111
44376
44843
44930
44953
44970
45176
45358
46069
46215
46422
47266
47623
48040
48551
48753
49834
49857
50023
50783
50813
51508
53301
53329
53349
53498
53711
53992
54205
54413
54454
54494
54561
54582
54692
55487
55704
56143
56282
56496
56579
56659
56789
56904
57021
57351
57728
58092
59112
59463
59574
59695
60295
60697
61257
61338
63454
63642
64327
64743
64805
65077
65596
65720
65918
66009
66099
67068
67486
68464
68981
69294
69418
69442
69597
69660
70152
70214
70526
70585
70643
70796
70849
71524
71559
71912
72461
72959
73495
74004
74040
74145
74185
74278
74367
74399
74670
74871
75125
75340
75477
75524
76105
76396
76454
76485
76580
77086
77112

read(19):
found 17
locations:
2413
2903
2991
10613
20676
21336
29284
31684
42733
53437
56118
65664
67177
73556
74233
74567
76747

ing(20):
found 459
locations:
206
337
595
622
765
1158
1448
1500
1620
1694
1719
1793
1874
2134
2157
2388
2417
2568
2695
2907
2957
3126
3171
3261
3298
3340
3596
3615
3677
3714
3867
4025
4039
4150
4159
4359
4417
4664
5131
5177
5190
5239
5318
5540
5732
5839
5862
6189
6468
6720
6776
6963
7078
7387
7404
7410
7553
7653
7673
7750
7943
8048
8336
8389
8497
8631
8654
8768
8896
9071
9154
9253
9297
9451
9487
9658
9672
9735
10118
10312
10489
10685
10706
10972
11146
11207
11919
12095
12272
12355
12390
12860
14924
15701
16157
16866
16889
16976
17083
17168
17474
17596
17632
17647
17752
17851
17881
18080
18144
18178
18231
18463
18483
19626
19669
19809
20353
20475
20680
20686
20865
20878
20962
21006
21165
21238
21273
22294
22459
22523
22604
22665
23659
24231
24415
24533
24577
24623
24763
24950
25114
25474
25740
25805
25895
26358
26392
26434
26603
26812
26830
26901
27040
27238
27311
27449
27499
27597
27774
27786
28125
28368
28386
28408
28469
28551
28838
28919
29060
29530
29573
29930
30607
30635
30649
30667
30703
30773
30845
31320
31584
31962
32097
32230
32678
32978
33016
33311
33983
34060
34106
34200
34306
34515
34692
34714
34762
34813
35051
35178
35227
35300
35715
35763
35787
35823
35856
35915
36024
36460
36616
36716
36896
37259
37797
38496
38529
38884
39376
39415
39644
39666
39696
39728
39743
39815
39847
39929
39970
40270
40291
40435
40542
40604
40655
40698
40976
41042
41389
41622
41671
41698
41731
41810
41858
41938
42151
42192
42337
42372
42425
42624
42793
43070
43492
43628
43779
43902
43971
44219
44300
44804
44869
45167
45290
45779
45809
45905
46228
46308
46571
46691
46848
47160
47190
47366
47521
47681
47781
47824
47991
48094
48404
48451
48504
48534
48569
48675
48913
49133
49303
49418
49441
49464
49530
49575
49591
49613
49734
49941
50149
50410
50490
50906
51114
51231
51399
52920
53227
53257
53394
53447
53681
53753
54224
54235
54334
54577
54628
54713
55495
55510
55635
55667
55688
56007
56087
56175
56244
56359
56628
56726
56875
56947
56988
57141
57287
57966
58018
58239
58684
58980
58998
59103
59295
59569
59841
59873
59918
59945
60121
60224
60576
60679
60721
61154
61213
61320
61328
61613
61828
62169
62258
62339
62835
63016
63269
63288
63514
63706
63758
64106
64201
64547
65219
65455
65641
65668
65705
65845
65848
66050
66173
66181
66244
66274
66475
66511
66905
66993
67432
67469
67558
67585
67667
67702
67716
67739
67857
67910
68178
68267
68428
68483
68680
69123
69312
69374
69397
69499
69735
69762
69915
69956
69985
70293
70321
70435
70606
70746
70777
70812
70895
71005
71164
71471
71546
71874
72086
72272
72502
72596
72615
73259
73337
73413
73621
73682
74018
74181
74270
74329
74456
74747
75453
75552
75576
75912
75960
76047
76254
76339
76442
76684
76722
76798
77163
77228
77238

