59
42

60
43

59
42

57
40

59
42

60
43

57
40

62
45

60
43

61
44

62
45

62
45

60
43

61
44

61
44

62
45

63
46

64
47

62
45

62
45

62
45

61
44

61
44

61
44

61
44

61
44

61
44

61
44

62
45

62
45

62
45

62
45

62
45

62
45

62
45

62
45

62
45

62
45

62
45

-------------------------
45
45
45
45
45
45
45
45
45
45
45
45
45
45
45
45
45
45
46
46
47
48
50
52
53
55
55
56
57
57
58
59
59
59
59
60
60
60
60
61
61
61
61
61
61
61
61
61
61
62
-------------------------
1
20
14
13
45
3
3
15
23
34
42
42
37
40
11
16
18
23
8
0
34
0
0
0
0
0
0
0
35
27
0
0
41
38
33
40
31
20
13
19
12
12
10
3
9
5
11
16
18
22
25013
