15 : 11 * 106 + -65 = 1101
14 : 13 * 106 + 72 = 1450
13 : 11 * 106 + 2 = 1168
12 : 10 * 106 + 122 = 1182
11 : -5 * 106 + 91 = -439
10 : 7 * 106 + 0 = 742
9 : -3 * 106 + 123 = -195
8 : 8 * 106 + 116 = 964
7 : 0 * 106 + 44 = 44
6 : 7 * 106 + -30 = 712
15 : 12 * 161 + 1101 = 3033
14 : 9 * 161 + 1450 = 2899
13 : 12 * 161 + 1168 = 3100
12 : -3 * 161 + 1182 = 699
11 : 2 * 161 + -439 = -117
10 : -1 * 161 + 742 = 581
9 : -4 * 161 + -195 = -839
8 : 0 * 161 + 964 = 964
7 : 0 * 161 + 44 = 44
6 : 5 * 161 + 712 = 1517
15 : 1 * 159 + 3033 = 3192
14 : -2 * 159 + 2899 = 2581
13 : 8 * 159 + 3100 = 4372
12 : 3 * 159 + 699 = 1176
11 : 12 * 159 + -117 = 1791
10 : 13 * 159 + 581 = 2648
9 : 11 * 159 + -839 = 910
8 : 7 * 159 + 964 = 2077
7 : 8 * 159 + 44 = 1316
6 : 8 * 159 + 1517 = 2789
15 : 2 * 191 + 3192 = 3574
14 : 6 * 191 + 2581 = 3727
13 : 7 * 191 + 4372 = 5709
12 : 5 * 191 + 1176 = 2131
11 : 7 * 191 + 1791 = 3128
10 : 13 * 191 + 2648 = 5131
9 : -2 * 191 + 910 = 528
8 : 13 * 191 + 2077 = 4560
7 : -2 * 191 + 1316 = 934
6 : 12 * 191 + 2789 = 5081
15 : 6 * 156 + 3574 = 4510
14 : 4 * 156 + 3727 = 4351
13 : 6 * 156 + 5709 = 6645
12 : 11 * 156 + 2131 = 3847
11 : 1 * 156 + 3128 = 3284
10 : 5 * 156 + 5131 = 5911
9 : 1 * 156 + 528 = 684
8 : 10 * 156 + 4560 = 6120
7 : 11 * 156 + 934 = 2650
6 : 2 * 156 + 5081 = 5393
20 : -9 * 4510 + -65 = -40655
19 : 5 * 4510 + 11 = 22561
18 : -3 * 4510 + 73 = -13457
17 : -6 * 4510 + 71 = -26989
16 : 3 * 4510 + -5 = 13525
20 : 6 * 4351 + -40655 = -14549
19 : 0 * 4351 + 22561 = 22561
18 : 3 * 4351 + -13457 = -404
17 : 4 * 4351 + -26989 = -9585
16 : 6 * 4351 + 13525 = 39631
20 : 3 * 6645 + -14549 = 5386
19 : 4 * 6645 + 22561 = 49141
18 : 9 * 6645 + -404 = 59401
17 : 4 * 6645 + -9585 = 16995
16 : 8 * 6645 + 39631 = 92791
20 : -5 * 3847 + 5386 = -13849
19 : -3 * 3847 + 49141 = 37600
18 : -2 * 3847 + 59401 = 51707
17 : 0 * 3847 + 16995 = 16995
16 : 6 * 3847 + 92791 = 115873
20 : -5 * 3284 + -13849 = -30269
19 : -3 * 3284 + 37600 = 27748
18 : -8 * 3284 + 51707 = 25435
17 : 6 * 3284 + 16995 = 36699
16 : 9 * 3284 + 115873 = 145429
20 : -9 * 5911 + -30269 = -83468
19 : 8 * 5911 + 27748 = 75036
18 : 9 * 5911 + 25435 = 78634
17 : -4 * 5911 + 36699 = 13055
16 : 5 * 5911 + 145429 = 174984
20 : -1 * 684 + -83468 = -84152
19 : 8 * 684 + 75036 = 80508
18 : 2 * 684 + 78634 = 80002
17 : 8 * 684 + 13055 = 18527
16 : 6 * 684 + 174984 = 179088
20 : 0 * 6120 + -84152 = -84152
19 : -7 * 6120 + 80508 = 37668
18 : -4 * 6120 + 80002 = 55522
17 : -3 * 6120 + 18527 = 167
16 : 8 * 6120 + 179088 = 228048
20 : 6 * 2650 + -84152 = -68252
19 : -7 * 2650 + 37668 = 19118
18 : 8 * 2650 + 55522 = 76722
17 : -9 * 2650 + 167 = -23683
16 : 4 * 2650 + 228048 = 238648
20 : -3 * 5393 + -68252 = -84431
19 : -7 * 5393 + 19118 = -18633
18 : 6 * 5393 + 76722 = 109080
17 : -8 * 5393 + -23683 = -66827
16 : 0 * 5393 + 238648 = 238648
16 238648
18 109080
